<?xml version="1.0" encoding="UTF-8"?>
<!-- Generated by org.testng.reporters.JUnitReportReporter -->
<testsuite skipped="0" hostname="DESKTOP-G9OQGKA" name="eventMouse" tests="1" failures="0" timestamp="22 May 2018 16:08:51 GMT" time="1.142" errors="0">
  <testcase name="mouseOver" time="1.142" classname="eventMouse"/>
</testsuite> <!-- eventMouse -->
